<?xml version="1.0" encoding="UTF-8"?>
<!-- Generated by org.testng.reporters.JUnitReportReporter -->
<testsuite skipped="0" hostname="LAPTOP-IEPOTQSJ" name="Testsng_cases.TestNG_modulo_login" tests="4" failures="0" timestamp="27 nov 2017 20:01:21 GMT" time="16.568" errors="0">
  <testcase name="ExecuteTest" time="4.146" classname="Testsng_cases.TestNG_modulo_login"/>
  <testcase name="ExecuteTest" time="4.199" classname="Testsng_cases.TestNG_modulo_login"/>
  <testcase name="ExecuteTest" time="4.089" classname="Testsng_cases.TestNG_modulo_login"/>
  <testcase name="ExecuteTest" time="4.134" classname="Testsng_cases.TestNG_modulo_login"/>
</testsuite> <!-- Testsng_cases.TestNG_modulo_login -->
