<?xml version="1.0" encoding="UTF-8"?>
<!-- Generated by org.testng.reporters.JUnitReportReporter -->
<testsuite skipped="0" hostname="LAPTOP-IEPOTQSJ" name="Testsng_cases.TestNG_modulo_login" tests="4" failures="0" timestamp="27 nov 2017 20:09:55 GMT" time="16.615" errors="0">
  <testcase name="ExecuteTest" time="4.101" classname="Testsng_cases.TestNG_modulo_login"/>
  <testcase name="ExecuteTest" time="4.259" classname="Testsng_cases.TestNG_modulo_login"/>
  <testcase name="ExecuteTest" time="4.129" classname="Testsng_cases.TestNG_modulo_login"/>
  <testcase name="ExecuteTest" time="4.126" classname="Testsng_cases.TestNG_modulo_login"/>
</testsuite> <!-- Testsng_cases.TestNG_modulo_login -->
